0 info it worked if it ends with ok
1 verbose cli [ 'E:\\Programs\\Node.js\\node.exe',
1 verbose cli   'E:\\Programs\\Node.js\\node_modules\\npm\\bin\\npm-cli.js',
1 verbose cli   'start' ]
2 info using npm@3.3.12
3 info using node@v5.1.1
4 verbose stack Error: ENOENT: no such file or directory, open 'E:\Projects\WhatHaveILearned\package.json'
4 verbose stack     at Error (native)
5 verbose cwd E:\Projects\WhatHaveILearned
6 error Windows_NT 6.3.9600
7 error argv "E:\\Programs\\Node.js\\node.exe" "E:\\Programs\\Node.js\\node_modules\\npm\\bin\\npm-cli.js" "start"
8 error node v5.1.1
9 error npm  v3.3.12
10 error path E:\Projects\WhatHaveILearned\package.json
11 error code ENOENT
12 error errno -4058
13 error syscall open
14 error enoent ENOENT: no such file or directory, open 'E:\Projects\WhatHaveILearned\package.json'
14 error enoent This is most likely not a problem with npm itself
14 error enoent and is related to npm not being able to find a file.
15 verbose exit [ -4058, true ]
